current directory: /home/runner/gosututgame/.bundle/ruby/2.5.0/gems/gosu-1.2.0/ext/gosu
/usr/bin/ruby2.5 -r ./siteconf20210831-271-143i29e.rb extconf.rb
The Gosu gem requires some libraries to be installed system-wide.
See the following site for a list:
https://github.com/gosu/gosu/wiki/Getting-Started-on-Linux
extconf.rb:87: warning: Insecure world writable dir /nix in PATH, mode 040777
checking for -lopenal... yes
checking for AL/al.h... yes
creating Makefile

current directory: /home/runner/gosututgame/.bundle/ruby/2.5.0/gems/gosu-1.2.0/ext/gosu
make "DESTDIR=" clean

current directory: /home/runner/gosututgame/.bundle/ruby/2.5.0/gems/gosu-1.2.0/ext/gosu
make "DESTDIR="
compiling ../../src/Audio.cpp
compiling ../../src/AudioFileAudioToolbox.cpp
compiling ../../src/AudioFileSDLSound.cpp
compiling ../../src/AudioImpl.cpp
compiling ../../src/Bitmap.cpp
compiling ../../src/BitmapIO.cpp
../../src/BitmapIO.cpp:13:32: warning: unknown option after ‘#pragma GCC diagnostic’ kind [-Wpragmas]
 #pragma GCC diagnostic ignored "-Wcomma"
                                ^~~~~~~~~
../../src/BitmapIO.cpp:88:32: warning: unknown option after ‘#pragma GCC diagnostic’ kind [-Wpragmas]
 #pragma GCC diagnostic ignored "-Wcomma"
                                ^~~~~~~~~
compiling ../../src/BlockAllocator.cpp
compiling ../../src/Channel.cpp
compiling ../../src/Color.cpp
compiling ../../src/DirectoriesApple.cpp
compiling ../../src/DirectoriesUnix.cpp
compiling ../../src/DirectoriesWin.cpp
compiling ../../src/FileUnix.cpp
../../src/FileUnix.cpp: In member function ‘virtual void Gosu::File::resize(size_t)’:
../../src/FileUnix.cpp:76:14: warning: ignoring return value of ‘int ftruncate(int, __off_t)’, declared with attribute warn_unused_result [-Wunused-result]
     ftruncate(pimpl->fd, new_size);
     ~~~~~~~~~^~~~~~~~~~~~~~~~~~~~~
../../src/FileUnix.cpp: In member function ‘virtual void Gosu::File::read(size_t, size_t, void*) const’:
../../src/FileUnix.cpp:88:15: warning: ignoring return value of ‘ssize_t read(int, void*, size_t)’, declared with attribute warn_unused_result [-Wunused-result]
         ::read(pimpl->fd, dest_buffer, length);
         ~~~~~~^~~~~~~~~~~~~~~~~~~~~~~~~~~~~~~~
../../src/FileUnix.cpp: In member function ‘virtual void Gosu::File::write(size_t, size_t, const void*)’:
../../src/FileUnix.cpp:96:12: warning: ignoring return value of ‘ssize_t write(int, const void*, size_t)’, declared with attribute warn_unused_result [-Wunused-result]
     ::write(pimpl->fd, source_buffer, length);
     ~~~~~~~^~~~~~~~~~~~~~~~~~~~~~~~~~~~~~~~~~
compiling ../../src/FileWin.cpp
compiling ../../src/Font.cpp
compiling ../../src/GosuGLView.cpp
compiling ../../src/GosuViewController.cpp
compiling ../../src/Graphics.cpp
compiling ../../src/IO.cpp
compiling ../../src/Image.cpp
compiling ../../src/Input.cpp
compiling ../../src/InputUIKit.cpp
compiling ../../src/Inspection.cpp
compiling ../../src/LargeImageData.cpp
compiling ../../src/Macro.cpp
compiling ../../src/MarkupParser.cpp
compiling ../../src/Math.cpp
compiling ../../src/OffScreenTarget.cpp
compiling ../../src/Resolution.cpp
compiling ../../src/RubyGosu.cxx
In file included from /usr/include/ruby-2.5.0/ruby.h:33:0,
                 from ../../src/RubyGosu.cxx:881:
../../src/RubyGosu.cxx: In function ‘Gosu::Image* Gosu::render(int, int, VALUE)’:
/usr/include/ruby-2.5.0/ruby/ruby.h:2470:46: warning: converting to non-pointer type ‘VALUE {aka long unsigned int}’ from NULL [-Wconversion-null]
  const VALUE rb_funcall_args[] = {__VA_ARGS__}; \
                                              ^
../../src/RubyGosu.cxx:2417:26: note: in expansion of macro ‘rb_funcall’
             VALUE keys = rb_funcall(options, rb_intern("keys"), 0, NULL);
                          ^~~~~~~~~~
In file included from /usr/include/ruby-2.5.0/ruby.h:33:0,
                 from ../../src/RubyGosu.cxx:881:
/usr/include/ruby-2.5.0/ruby/ruby.h:2470:46: warning: converting to non-pointer type ‘VALUE {aka long unsigned int}’ from NULL [-Wconversion-null]
  const VALUE rb_funcall_args[] = {__VA_ARGS__}; \
                                              ^
/usr/include/ruby-2.5.0/ruby/ruby.h:674:41: note: in definition of macro ‘RB_NUM2INT’
 #define RB_NUM2INT(x) rb_num2int_inline(x)
                                         ^
../../src/RubyGosu.cxx:2418:29: note: in expansion of macro ‘NUM2INT’
             int keys_size = NUM2INT(rb_funcall(keys, rb_intern("size"), 0, NULL));
                             ^~~~~~~
../../src/RubyGosu.cxx:2418:37: note: in expansion of macro ‘rb_funcall’
             int keys_size = NUM2INT(rb_funcall(keys, rb_intern("size"), 0, NULL));
                                     ^~~~~~~~~~
In file included from /usr/include/ruby-2.5.0/ruby.h:33:0,
                 from ../../src/RubyGosu.cxx:881:
../../src/RubyGosu.cxx: In function ‘int SWIG_AsCharPtrAndSize(VALUE, char**, size_t*, int*)’:
/usr/include/ruby-2.5.0/ruby/ruby.h:2470:46: warning: converting to non-pointer type ‘VALUE {aka long unsigned int}’ from NULL [-Wconversion-null]
  const VALUE rb_funcall_args[] = {__VA_ARGS__}; \
                                              ^
../../src/RubyGosu.cxx:2706:11: note: in expansion of macro ‘rb_funcall’
     obj = rb_funcall(obj, rb_intern("to_s"), 0, NULL);
           ^~~~~~~~~~
../../src/RubyGosu.cxx: In function ‘Gosu::Font* new_Gosu_Font__SWIG_1(int, VALUE)’:
/usr/include/ruby-2.5.0/ruby/ruby.h:2470:46: warning: converting to non-pointer type ‘VALUE {aka long unsigned int}’ from NULL [-Wconversion-null]
  const VALUE rb_funcall_args[] = {__VA_ARGS__}; \
                                              ^
../../src/RubyGosu.cxx:2826:26: note: in expansion of macro ‘rb_funcall’
             VALUE keys = rb_funcall(options, rb_intern("keys"), 0, NULL);
                          ^~~~~~~~~~
In file included from /usr/include/ruby-2.5.0/ruby.h:33:0,
                 from ../../src/RubyGosu.cxx:881:
/usr/include/ruby-2.5.0/ruby/ruby.h:2470:46: warning: converting to non-pointer type ‘VALUE {aka long unsigned int}’ from NULL [-Wconversion-null]
  const VALUE rb_funcall_args[] = {__VA_ARGS__}; \
                                              ^
/usr/include/ruby-2.5.0/ruby/ruby.h:674:41: note: in definition of macro ‘RB_NUM2INT’
 #define RB_NUM2INT(x) rb_num2int_inline(x)
                                         ^
../../src/RubyGosu.cxx:2827:29: note: in expansion of macro ‘NUM2INT’
             int keys_size = NUM2INT(rb_funcall(keys, rb_intern("size"), 0, NULL));
                             ^~~~~~~
../../src/RubyGosu.cxx:2827:37: note: in expansion of macro ‘rb_funcall’
             int keys_size = NUM2INT(rb_funcall(keys, rb_intern("size"), 0, NULL));
                                     ^~~~~~~~~~
In file included from /usr/include/ruby-2.5.0/ruby.h:33:0,
                 from ../../src/RubyGosu.cxx:881:
../../src/RubyGosu.cxx: In function ‘Gosu::Image* new_Gosu_Image(VALUE, VALUE)’:
/usr/include/ruby-2.5.0/ruby/ruby.h:2470:46: warning: converting to non-pointer type ‘VALUE {aka long unsigned int}’ from NULL [-Wconversion-null]
  const VALUE rb_funcall_args[] = {__VA_ARGS__}; \
                                              ^
../../src/RubyGosu.cxx:2886:26: note: in expansion of macro ‘rb_funcall’
             VALUE keys = rb_funcall(options, rb_intern("keys"), 0, NULL);
                          ^~~~~~~~~~
In file included from /usr/include/ruby-2.5.0/ruby.h:33:0,
                 from ../../src/RubyGosu.cxx:881:
/usr/include/ruby-2.5.0/ruby/ruby.h:2470:46: warning: converting to non-pointer type ‘VALUE {aka long unsigned int}’ from NULL [-Wconversion-null]
  const VALUE rb_funcall_args[] = {__VA_ARGS__}; \
                                              ^
/usr/include/ruby-2.5.0/ruby/ruby.h:674:41: note: in definition of macro ‘RB_NUM2INT’
 #define RB_NUM2INT(x) rb_num2int_inline(x)
                                         ^
../../src/RubyGosu.cxx:2887:29: note: in expansion of macro ‘NUM2INT’
             int keys_size = NUM2INT(rb_funcall(keys, rb_intern("size"), 0, NULL));
                             ^~~~~~~
../../src/RubyGosu.cxx:2887:37: note: in expansion of macro ‘rb_funcall’
             int keys_size = NUM2INT(rb_funcall(keys, rb_intern("size"), 0, NULL));
                                     ^~~~~~~~~~
/usr/include/ruby-2.5.0/ruby/ruby.h:2470:46: warning: converting to non-pointer type ‘VALUE {aka long unsigned int}’ from NULL [-Wconversion-null]
  const VALUE rb_funcall_args[] = {__VA_ARGS__}; \
                                              ^
/usr/include/ruby-2.5.0/ruby/ruby.h:674:41: note: in definition of macro ‘RB_NUM2INT’
 #define RB_NUM2INT(x) rb_num2int_inline(x)
                                         ^
../../src/RubyGosu.cxx:2903:37: note: in expansion of macro ‘NUM2INT’
                     int rect_size = NUM2INT(rb_funcall(value, rb_intern("size"), 0, NULL));
                                     ^~~~~~~
../../src/RubyGosu.cxx:2903:45: note: in expansion of macro ‘rb_funcall’
                     int rect_size = NUM2INT(rb_funcall(value, rb_intern("size"), 0, NULL));
                                             ^~~~~~~~~~
In file included from /usr/include/ruby-2.5.0/ruby.h:33:0,
                 from ../../src/RubyGosu.cxx:881:
../../src/RubyGosu.cxx: In function ‘Gosu::Image* Gosu_Image_from_text(const string&, double, VALUE)’:
/usr/include/ruby-2.5.0/ruby/ruby.h:2470:46: warning: converting to non-pointer type ‘VALUE {aka long unsigned int}’ from NULL [-Wconversion-null]
  const VALUE rb_funcall_args[] = {__VA_ARGS__}; \
                                              ^
../../src/RubyGosu.cxx:2948:26: note: in expansion of macro ‘rb_funcall’
             VALUE keys = rb_funcall(options, rb_intern("keys"), 0, NULL);
                          ^~~~~~~~~~
In file included from /usr/include/ruby-2.5.0/ruby.h:33:0,
                 from ../../src/RubyGosu.cxx:881:
/usr/include/ruby-2.5.0/ruby/ruby.h:2470:46: warning: converting to non-pointer type ‘VALUE {aka long unsigned int}’ from NULL [-Wconversion-null]
  const VALUE rb_funcall_args[] = {__VA_ARGS__}; \
                                              ^
/usr/include/ruby-2.5.0/ruby/ruby.h:674:41: note: in definition of macro ‘RB_NUM2INT’
 #define RB_NUM2INT(x) rb_num2int_inline(x)
                                         ^
../../src/RubyGosu.cxx:2949:29: note: in expansion of macro ‘NUM2INT’
             int keys_size = NUM2INT(rb_funcall(keys, rb_intern("size"), 0, NULL));
                             ^~~~~~~
../../src/RubyGosu.cxx:2949:37: note: in expansion of macro ‘rb_funcall’
             int keys_size = NUM2INT(rb_funcall(keys, rb_intern("size"), 0, NULL));
                                     ^~~~~~~~~~
In file included from /usr/include/ruby-2.5.0/ruby.h:33:0,
                 from ../../src/RubyGosu.cxx:881:
../../src/RubyGosu.cxx: In function ‘Gosu::Image* Gosu_Image_from_markup(const string&, double, VALUE)’:
/usr/include/ruby-2.5.0/ruby/ruby.h:2470:46: warning: converting to non-pointer type ‘VALUE {aka long unsigned int}’ from NULL [-Wconversion-null]
  const VALUE rb_funcall_args[] = {__VA_ARGS__}; \
                                              ^
../../src/RubyGosu.cxx:3022:26: note: in expansion of macro ‘rb_funcall’
             VALUE keys = rb_funcall(options, rb_intern("keys"), 0, NULL);
                          ^~~~~~~~~~
In file included from /usr/include/ruby-2.5.0/ruby.h:33:0,
                 from ../../src/RubyGosu.cxx:881:
/usr/include/ruby-2.5.0/ruby/ruby.h:2470:46: warning: converting to non-pointer type ‘VALUE {aka long unsigned int}’ from NULL [-Wconversion-null]
  const VALUE rb_funcall_args[] = {__VA_ARGS__}; \
                                              ^
/usr/include/ruby-2.5.0/ruby/ruby.h:674:41: note: in definition of macro ‘RB_NUM2INT’
 #define RB_NUM2INT(x) rb_num2int_inline(x)
                                         ^
../../src/RubyGosu.cxx:3023:29: note: in expansion of macro ‘NUM2INT’
             int keys_size = NUM2INT(rb_funcall(keys, rb_intern("size"), 0, NULL));
                             ^~~~~~~
../../src/RubyGosu.cxx:3023:37: note: in expansion of macro ‘rb_funcall’
             int keys_size = NUM2INT(rb_funcall(keys, rb_intern("size"), 0, NULL));
                                     ^~~~~~~~~~
In file included from /usr/include/ruby-2.5.0/ruby.h:33:0,
                 from ../../src/RubyGosu.cxx:881:
../../src/RubyGosu.cxx: In function ‘std::vector<Gosu::Image> Gosu_Image_load_tiles__SWIG_0(VALUE, int, int, VALUE)’:
/usr/include/ruby-2.5.0/ruby/ruby.h:2470:46: warning: converting to non-pointer type ‘VALUE {aka long unsigned int}’ from NULL [-Wconversion-null]
  const VALUE rb_funcall_args[] = {__VA_ARGS__}; \
                                              ^
../../src/RubyGosu.cxx:3094:26: note: in expansion of macro ‘rb_funcall’
             VALUE keys = rb_funcall(options, rb_intern("keys"), 0, NULL);
                          ^~~~~~~~~~
In file included from /usr/include/ruby-2.5.0/ruby.h:33:0,
                 from ../../src/RubyGosu.cxx:881:
/usr/include/ruby-2.5.0/ruby/ruby.h:2470:46: warning: converting to non-pointer type ‘VALUE {aka long unsigned int}’ from NULL [-Wconversion-null]
  const VALUE rb_funcall_args[] = {__VA_ARGS__}; \
                                              ^
/usr/include/ruby-2.5.0/ruby/ruby.h:674:41: note: in definition of macro ‘RB_NUM2INT’
 #define RB_NUM2INT(x) rb_num2int_inline(x)
                                         ^
../../src/RubyGosu.cxx:3095:29: note: in expansion of macro ‘NUM2INT’
             int keys_size = NUM2INT(rb_funcall(keys, rb_intern("size"), 0, NULL));
                             ^~~~~~~
../../src/RubyGosu.cxx:3095:37: note: in expansion of macro ‘rb_funcall’
             int keys_size = NUM2INT(rb_funcall(keys, rb_intern("size"), 0, NULL));
                                     ^~~~~~~~~~
compiling ../../src/SDL_sound.c
compiling ../../src/SDL_sound_aiff.c
compiling ../../src/SDL_sound_au.c
compiling ../../src/SDL_sound_coreaudio.c
compiling ../../src/SDL_sound_flac.c
compiling ../../src/SDL_sound_modplug.c
compiling ../../src/SDL_sound_mp3.c
compiling ../../src/SDL_sound_raw.c
compiling ../../src/SDL_sound_shn.c
compiling ../../src/SDL_sound_voc.c
compiling ../../src/SDL_sound_vorbis.c
compiling ../../src/SDL_sound_wav.c
compiling ../../src/TexChunk.cpp
compiling ../../src/Text.cpp
compiling ../../src/TextBuilder.cpp
compiling ../../src/TextInput.cpp
compiling ../../src/Texture.cpp
compiling ../../src/TimingApple.cpp
compiling ../../src/TimingUnix.cpp
compiling ../../src/TimingWin.cpp
compiling ../../src/Transform.cpp
compiling ../../src/TrueTypeFont.cpp
../../src/TrueTypeFont.cpp:9:32: warning: unknown option after ‘#pragma GCC diagnostic’ kind [-Wpragmas]
 #pragma GCC diagnostic ignored "-Wcomma"
                                ^~~~~~~~~
compiling ../../src/TrueTypeFontApple.cpp
compiling ../../src/TrueTypeFontUnix.cpp
compiling ../../src/TrueTypeFontWin.cpp
compiling ../../src/Utility.cpp
compiling ../../src/Version.cpp
compiling ../../src/WinUtility.cpp
compiling ../../src/Window.cpp
compiling ../../src/WindowUIKit.cpp
compiling ../../src/fastmix.c
compiling ../../src/load_669.c
compiling ../../src/load_abc.c
compiling ../../src/load_amf.c
compiling ../../src/load_ams.c
compiling ../../src/load_dbm.c
compiling ../../src/load_dmf.c
compiling ../../src/load_dsm.c
compiling ../../src/load_far.c
compiling ../../src/load_it.c
compiling ../../src/load_mdl.c
compiling ../../src/load_med.c
compiling ../../src/load_mid.c
compiling ../../src/load_mod.c
compiling ../../src/load_mt2.c
compiling ../../src/load_mtm.c
compiling ../../src/load_okt.c
compiling ../../src/load_pat.c
compiling ../../src/load_psm.c
compiling ../../src/load_ptm.c
compiling ../../src/load_s3m.c
compiling ../../src/load_stm.c
compiling ../../src/load_ult.c
compiling ../../src/load_umx.c
compiling ../../src/load_xm.c
compiling ../../src/mmcmp.c
compiling ../../src/modplug.c
compiling ../../src/snd_dsp.c
compiling ../../src/snd_flt.c
compiling ../../src/snd_fx.c
compiling ../../src/sndfile.c
compiling ../../src/sndmix.c
compiling ../../src/utf8proc.c
linking shared-object gosu.so

current directory: /home/runner/gosututgame/.bundle/ruby/2.5.0/gems/gosu-1.2.0/ext/gosu
make "DESTDIR=" install
/usr/bin/install -c -m 0755 gosu.so ./.gem.20210831-271-19ij0m6
